  main.cpp
C:\Users\marci\OneDrive\Pulpit\STUDIA\6 semestr\Sterowanie procesami dyskretnymi\lab2\lab2\main.cpp(192,13): warning C4244: "inicjowanie": konwersja z "double" do "float", możliwa utrata danych
D:\visual\VC\Tools\MSVC\14.34.31933\include\xhash(122,55): error C2064: funkcja przyjmująca 1 argumentów nie jest wynikiem przetworzenia termu
D:\visual\VC\Tools\MSVC\14.34.31933\include\xhash(145,72): message : zobacz odwołanie do aktualnie kompilowanego szablonu zmiennych „const bool _Nothrow_hash<std::hash<std::vector<Process,std::allocator<Process> > >,std::vector<Process,std::allocator<Process> > >”
D:\visual\VC\Tools\MSVC\14.34.31933\include\xhash(145,23): message : podczas kompilowania funkcji składowej „size_t std::_Uhash_compare<_Kty,_Hasher,_Keyeq>::operator ()<_Kty>(const _Keyty &) noexcept(<expr>) const” klasy klasa szablon
          with
          [
              _Kty=std::vector<Process,std::allocator<Process>>,
              _Hasher=std::hash<std::vector<Process,std::allocator<Process>>>,
              _Keyeq=std::equal_to<std::vector<Process,std::allocator<Process>>>,
              _Keyty=std::vector<Process,std::allocator<Process>>
          ]
C:\Users\marci\OneDrive\Pulpit\STUDIA\6 semestr\Sterowanie procesami dyskretnymi\lab2\lab2\main.cpp(83,8): message : zobacz odwołanie do kompilowanego tworzenia wystąpienia „std::_List_iterator<std::_List_val<std::_List_simple_types<_Ty>>> std::_Hash<std::_Umap_traits<_Kty,int,std::_Uhash_compare<_Kty,_Hasher,_Keyeq>,_Alloc,false>>::find<void>(const _Kty &)” funkcji szablon
          with
          [
              _Ty=std::pair<const std::vector<Process,std::allocator<Process>>,int>,
              _Kty=std::vector<Process,std::allocator<Process>>,
              _Hasher=std::hash<std::vector<Process,std::allocator<Process>>>,
              _Keyeq=std::equal_to<std::vector<Process,std::allocator<Process>>>,
              _Alloc=std::allocator<std::pair<const std::vector<Process,std::allocator<Process>>,int>>
          ]
C:\Users\marci\OneDrive\Pulpit\STUDIA\6 semestr\Sterowanie procesami dyskretnymi\lab2\lab2\main.cpp(83,5): message : zobacz odwołanie do kompilowanego tworzenia wystąpienia „std::_List_iterator<std::_List_val<std::_List_simple_types<_Ty>>> std::_Hash<std::_Umap_traits<_Kty,int,std::_Uhash_compare<_Kty,_Hasher,_Keyeq>,_Alloc,false>>::find<void>(const _Kty &)” funkcji szablon
          with
          [
              _Ty=std::pair<const std::vector<Process,std::allocator<Process>>,int>,
              _Kty=std::vector<Process,std::allocator<Process>>,
              _Hasher=std::hash<std::vector<Process,std::allocator<Process>>>,
              _Keyeq=std::equal_to<std::vector<Process,std::allocator<Process>>>,
              _Alloc=std::allocator<std::pair<const std::vector<Process,std::allocator<Process>>,int>>
          ]
D:\visual\VC\Tools\MSVC\14.34.31933\include\xhash(122,53): error C2064: funkcja przyjmująca 1 argumentów nie jest wynikiem przetworzenia termu
D:\visual\VC\Tools\MSVC\14.34.31933\include\xhash(121,44): error C2056: niedozwolone wyrażenie
